c:\users\cawleyo\onedrive - south east technological university (carlow campus)\external academic work\game-on 2023\tutorial\flappybird_ann_with_bp\flappybird_ann_bp\flappybird_ann_bp\x64\debug\vc143.pdb
c:\users\cawleyo\onedrive - south east technological university (carlow campus)\external academic work\game-on 2023\tutorial\flappybird_ann_with_bp\flappybird_ann_bp\flappybird_ann_bp\x64\debug\vc143.idb
c:\users\cawleyo\onedrive - south east technological university (carlow campus)\external academic work\game-on 2023\tutorial\flappybird_ann_with_bp\flappybird_ann_bp\flappybird_ann_bp\x64\debug\population.obj
c:\users\cawleyo\onedrive - south east technological university (carlow campus)\external academic work\game-on 2023\tutorial\flappybird_ann_with_bp\flappybird_ann_bp\flappybird_ann_bp\x64\debug\pillar.obj
c:\users\cawleyo\onedrive - south east technological university (carlow campus)\external academic work\game-on 2023\tutorial\flappybird_ann_with_bp\flappybird_ann_bp\flappybird_ann_bp\x64\debug\main.obj
c:\users\cawleyo\onedrive - south east technological university (carlow campus)\external academic work\game-on 2023\tutorial\flappybird_ann_with_bp\flappybird_ann_bp\flappybird_ann_bp\x64\debug\game.obj
c:\users\cawleyo\onedrive - south east technological university (carlow campus)\external academic work\game-on 2023\tutorial\flappybird_ann_with_bp\flappybird_ann_bp\flappybird_ann_bp\x64\debug\brain.obj
c:\users\cawleyo\onedrive - south east technological university (carlow campus)\external academic work\game-on 2023\tutorial\flappybird_ann_with_bp\flappybird_ann_bp\flappybird_ann_bp\x64\debug\bird.obj
c:\ai4games\game-on 2023\tutorial\flappybird_ann_with_bp\flappybird_ann_bp\flappybird_ann_bp\x64\debug\vc143.pdb
c:\ai4games\game-on 2023\tutorial\flappybird_ann_with_bp\flappybird_ann_bp\flappybird_ann_bp\x64\debug\vc143.idb
c:\ai4games\game-on 2023\tutorial\flappybird_ann_with_bp\flappybird_ann_bp\flappybird_ann_bp\x64\debug\population.obj
c:\ai4games\game-on 2023\tutorial\flappybird_ann_with_bp\flappybird_ann_bp\flappybird_ann_bp\x64\debug\pillar.obj
c:\ai4games\game-on 2023\tutorial\flappybird_ann_with_bp\flappybird_ann_bp\flappybird_ann_bp\x64\debug\main.obj
c:\ai4games\game-on 2023\tutorial\flappybird_ann_with_bp\flappybird_ann_bp\flappybird_ann_bp\x64\debug\game.obj
c:\ai4games\game-on 2023\tutorial\flappybird_ann_with_bp\flappybird_ann_bp\flappybird_ann_bp\x64\debug\brain.obj
c:\ai4games\game-on 2023\tutorial\flappybird_ann_with_bp\flappybird_ann_bp\flappybird_ann_bp\x64\debug\bird.obj
c:\ai4games\game-on 2023\tutorial\flappybird_ann_with_bp\flappybird_ann_bp\x64\debug\flappybird_ann_bp.exe
c:\ai4games\game-on 2023\tutorial\flappybird_ann_with_bp\flappybird_ann_bp\flappybird_ann_bp\x64\debug\flappybird_ann_bp.ilk
c:\ai4games\game-on 2023\tutorial\flappybird_ann_with_bp\flappybird_ann_bp\x64\debug\flappybird_ann_bp.pdb
c:\ai4games\game-on 2023\tutorial\flappybird_ann_with_bp\flappybird_ann_bp\flappybird_ann_bp\x64\debug\flappybi.22f2439e.tlog\cl.command.1.tlog
c:\ai4games\game-on 2023\tutorial\flappybird_ann_with_bp\flappybird_ann_bp\flappybird_ann_bp\x64\debug\flappybi.22f2439e.tlog\cl.read.1.tlog
c:\ai4games\game-on 2023\tutorial\flappybird_ann_with_bp\flappybird_ann_bp\flappybird_ann_bp\x64\debug\flappybi.22f2439e.tlog\cl.write.1.tlog
c:\ai4games\game-on 2023\tutorial\flappybird_ann_with_bp\flappybird_ann_bp\flappybird_ann_bp\x64\debug\flappybi.22f2439e.tlog\link.command.1.tlog
c:\ai4games\game-on 2023\tutorial\flappybird_ann_with_bp\flappybird_ann_bp\flappybird_ann_bp\x64\debug\flappybi.22f2439e.tlog\link.read.1.tlog
c:\ai4games\game-on 2023\tutorial\flappybird_ann_with_bp\flappybird_ann_bp\flappybird_ann_bp\x64\debug\flappybi.22f2439e.tlog\link.write.1.tlog
