c:\ai4games\abs\abs\x64\debug\vc143.pdb
c:\ai4games\abs\abs\x64\debug\vc143.idb
c:\ai4games\abs\abs\x64\debug\node.obj
c:\ai4games\abs\abs\x64\debug\main.obj
c:\ai4games\abs\abs\x64\debug\healthpill.obj
c:\ai4games\abs\abs\x64\debug\game.obj
c:\ai4games\abs\abs\x64\debug\droid.obj
c:\ai4games\abs\abs\x64\debug\grid.obj
c:\ai4games\abs\abs\x64\debug\abs.ilk
c:\ai4games\abs\x64\debug\abs.exe
c:\ai4games\abs\x64\debug\abs.pdb
c:\ai4games\abs\abs\x64\debug\behaviourtreeexample.ilk
c:\ai4games\abs\abs\x64\debug\vc142.idb
c:\ai4games\abs\abs\x64\debug\vc142.pdb
c:\ai4games\abs\abs\x64\debug\abs.tlog\cl.command.1.tlog
c:\ai4games\abs\abs\x64\debug\abs.tlog\cl.read.1.tlog
c:\ai4games\abs\abs\x64\debug\abs.tlog\cl.write.1.tlog
c:\ai4games\abs\abs\x64\debug\abs.tlog\link.command.1.tlog
c:\ai4games\abs\abs\x64\debug\abs.tlog\link.read.1.tlog
c:\ai4games\abs\abs\x64\debug\abs.tlog\link.write.1.tlog
